<?xml version="1.0" encoding="UTF-8"?>
<!-- Generated by org.testng.reporters.JUnitXMLReporter -->
<testsuite ignored="0" hostname="LAPTOP-OM6DM447" failures="1" tests="6" name="checking" time="19.769" errors="0" timestamp="2024-08-19T23:00:09 IST">
  <testcase classname="AllureReport.TestCase2" name="testMethod2" time="0.076"/>
  <testcase classname="AllureReport.TestCase1" name="testMethod1" time="0.01">
    <failure type="java.lang.AssertionError" message="expected [true] but found [false]">
      <![CDATA[java.lang.AssertionError: expected [true] but found [false]
at AllureReport.TestCase1.testMethod1(TestCase1.java:12)
at java.base/java.util.ArrayList.forEach(ArrayList.java:1597)
... Removed 29 stack frames]]>
    </failure>
  </testcase> <!-- testMethod1 -->
  <testcase classname="testNGLearn.NewTestClass" name="reachDashBoardPage" time="4.031"/>
  <testcase classname="testNGLearn.NewTestClass" name="validateDashboardPageContent" time="0.432"/>
  <testcase classname="testNGLearn.NewTestClass" name="validateTitle" time="0.009"/>
  <testcase classname="testNGLearn.NewTestClass" name="validateUrl" time="0.954"/>
</testsuite> <!-- checking -->
