<?xml version="1.0" encoding="UTF-8"?>
<testng-results ignored="0" total="6" passed="5" failed="1" skipped="0">
  <reporter-output>
  </reporter-output>
  <suite started-at="2024-08-19T22:59:49 IST" name="All Type" finished-at="2024-08-19T23:00:09 IST" duration-ms="19769">
    <groups>
    </groups>
    <test started-at="2024-08-19T22:59:49 IST" name="checking" finished-at="2024-08-19T23:00:09 IST" duration-ms="19769">
      <class name="testNGLearn.NewTestClass">
        <test-method is-config="true" signature="openProperties()[pri:0, instance:testNGLearn.NewTestClass@3ad2e17]" started-at="2024-08-19T22:59:49 IST" name="openProperties" finished-at="2024-08-19T22:59:49 IST" duration-ms="12" status="PASS">
          <reporter-output>
          </reporter-output>
        </test-method> <!-- openProperties -->
        <test-method is-config="true" signature="browseUrl()[pri:0, instance:testNGLearn.NewTestClass@3ad2e17]" started-at="2024-08-19T22:59:49 IST" name="browseUrl" finished-at="2024-08-19T23:00:03 IST" duration-ms="13681" status="PASS">
          <reporter-output>
          </reporter-output>
        </test-method> <!-- browseUrl -->
        <test-method signature="reachDashBoardPage()[pri:0, instance:testNGLearn.NewTestClass@3ad2e17]" started-at="2024-08-19T23:00:03 IST" name="reachDashBoardPage" finished-at="2024-08-19T23:00:07 IST" duration-ms="4031" status="PASS">
          <reporter-output>
          </reporter-output>
        </test-method> <!-- reachDashBoardPage -->
        <test-method signature="validateDashboardPageContent()[pri:0, instance:testNGLearn.NewTestClass@3ad2e17]" started-at="2024-08-19T23:00:07 IST" name="validateDashboardPageContent" finished-at="2024-08-19T23:00:08 IST" duration-ms="432" status="PASS">
          <reporter-output>
          </reporter-output>
        </test-method> <!-- validateDashboardPageContent -->
        <test-method signature="validateTitle()[pri:0, instance:testNGLearn.NewTestClass@3ad2e17]" started-at="2024-08-19T23:00:08 IST" name="validateTitle" finished-at="2024-08-19T23:00:08 IST" duration-ms="9" status="PASS">
          <reporter-output>
          </reporter-output>
        </test-method> <!-- validateTitle -->
        <test-method signature="validateUrl()[pri:0, instance:testNGLearn.NewTestClass@3ad2e17]" started-at="2024-08-19T23:00:08 IST" name="validateUrl" finished-at="2024-08-19T23:00:09 IST" duration-ms="954" status="PASS">
          <reporter-output>
          </reporter-output>
        </test-method> <!-- validateUrl -->
        <test-method is-config="true" signature="tearDown()[pri:0, instance:testNGLearn.NewTestClass@3ad2e17]" started-at="2024-08-19T23:00:09 IST" name="tearDown" finished-at="2024-08-19T23:00:09 IST" duration-ms="178" status="PASS">
          <reporter-output>
          </reporter-output>
        </test-method> <!-- tearDown -->
      </class> <!-- testNGLearn.NewTestClass -->
      <class name="AllureReport.TestCase2">
        <test-method signature="testMethod2()[pri:0, instance:AllureReport.TestCase2@3adcc812]" started-at="2024-08-19T23:00:03 IST" name="testMethod2" finished-at="2024-08-19T23:00:03 IST" duration-ms="76" status="PASS">
          <reporter-output>
          </reporter-output>
        </test-method> <!-- testMethod2 -->
      </class> <!-- AllureReport.TestCase2 -->
      <class name="AllureReport.TestCase1">
        <test-method signature="testMethod1()[pri:0, instance:AllureReport.TestCase1@6ce86ce1]" started-at="2024-08-19T23:00:03 IST" name="testMethod1" finished-at="2024-08-19T23:00:03 IST" duration-ms="10" status="FAIL">
          <exception class="java.lang.AssertionError">
            <message>
              <![CDATA[expected [true] but found [false]]]>
            </message>
            <full-stacktrace>
              <![CDATA[java.lang.AssertionError: expected [true] but found [false]
at org.testng.Assert.fail(Assert.java:99)
at org.testng.Assert.failNotEquals(Assert.java:1037)
at org.testng.Assert.assertTrue(Assert.java:45)
at org.testng.Assert.assertTrue(Assert.java:55)
at AllureReport.TestCase1.testMethod1(TestCase1.java:12)
at java.base/jdk.internal.reflect.DirectMethodHandleAccessor.invoke(DirectMethodHandleAccessor.java:103)
at java.base/java.lang.reflect.Method.invoke(Method.java:580)
at org.testng.internal.MethodInvocationHelper.invokeMethod(MethodInvocationHelper.java:133)
at org.testng.internal.TestInvoker.invokeMethod(TestInvoker.java:598)
at org.testng.internal.TestInvoker.invokeTestMethod(TestInvoker.java:173)
at org.testng.internal.MethodRunner.runInSequence(MethodRunner.java:46)
at org.testng.internal.TestInvoker$MethodInvocationAgent.invoke(TestInvoker.java:824)
at org.testng.internal.TestInvoker.invokeTestMethods(TestInvoker.java:146)
at org.testng.internal.TestMethodWorker.invokeTestMethods(TestMethodWorker.java:146)
at org.testng.internal.TestMethodWorker.run(TestMethodWorker.java:128)
at java.base/java.util.ArrayList.forEach(ArrayList.java:1597)
at org.testng.TestRunner.privateRun(TestRunner.java:794)
at org.testng.TestRunner.run(TestRunner.java:596)
at org.testng.SuiteRunner.runTest(SuiteRunner.java:377)
at org.testng.SuiteRunner.runSequentially(SuiteRunner.java:371)
at org.testng.SuiteRunner.privateRun(SuiteRunner.java:332)
at org.testng.SuiteRunner.run(SuiteRunner.java:276)
at org.testng.SuiteRunnerWorker.runSuite(SuiteRunnerWorker.java:53)
at org.testng.SuiteRunnerWorker.run(SuiteRunnerWorker.java:96)
at org.testng.TestNG.runSuitesSequentially(TestNG.java:1212)
at org.testng.TestNG.runSuitesLocally(TestNG.java:1134)
at org.testng.TestNG.runSuites(TestNG.java:1063)
at org.testng.TestNG.run(TestNG.java:1031)
at org.testng.remote.AbstractRemoteTestNG.run(AbstractRemoteTestNG.java:115)
at org.testng.remote.RemoteTestNG.initAndRun(RemoteTestNG.java:293)
at org.testng.remote.RemoteTestNG.main(RemoteTestNG.java:91)
]]>
            </full-stacktrace>
          </exception> <!-- java.lang.AssertionError -->
          <reporter-output>
          </reporter-output>
        </test-method> <!-- testMethod1 -->
      </class> <!-- AllureReport.TestCase1 -->
    </test> <!-- checking -->
  </suite> <!-- All Type -->
</testng-results>
